2021-06-29 21:54:07 2088 [Note] Plugin 'FEDERATED' is disabled.
2021-06-29 21:54:07 2088 [Note] InnoDB: Using atomics to ref count buffer pool pages
2021-06-29 21:54:07 2088 [Note] InnoDB: The InnoDB memory heap is disabled
2021-06-29 21:54:07 2088 [Note] InnoDB: Mutexes and rw_locks use Windows interlocked functions
2021-06-29 21:54:07 2088 [Note] InnoDB: Memory barrier is not used
2021-06-29 21:54:07 2088 [Note] InnoDB: Compressed tables use zlib 1.2.11
2021-06-29 21:54:07 2088 [Note] InnoDB: Not using CPU crc32 instructions
2021-06-29 21:54:07 2088 [Note] InnoDB: Initializing buffer pool, size = 128.0M
2021-06-29 21:54:07 2088 [Note] InnoDB: Completed initialization of buffer pool
2021-06-29 21:54:07 2088 [Note] InnoDB: Highest supported file format is Barracuda.
2021-06-29 21:54:07 2088 [Note] InnoDB: 128 rollback segment(s) are active.
2021-06-29 21:54:07 2088 [Note] InnoDB: Waiting for purge to start
2021-06-29 21:54:07 2088 [Note] InnoDB: 5.6.51 started; log sequence number 1625977
2021-06-29 21:54:07 2088 [Warning] No existing UUID has been found, so we assume that this is the first time that this server has been started. Generating a new UUID: ac6e1908-d93d-11eb-b61d-1078d2b0d9bd.
2021-06-29 21:54:07 2088 [Note] RSA private key file not found: C:\Users\Usuario\Arquivos\USBWebserver v8.6.6\mysql\data\\private_key.pem. Some authentication plugins will not work.
2021-06-29 21:54:07 2088 [Note] RSA public key file not found: C:\Users\Usuario\Arquivos\USBWebserver v8.6.6\mysql\data\\public_key.pem. Some authentication plugins will not work.
2021-06-29 21:54:07 2088 [Note] Server hostname (bind-address): '*'; port: 3306
2021-06-29 21:54:07 2088 [Note] IPv6 is available.
2021-06-29 21:54:07 2088 [Note]   - '::' resolves to '::';
2021-06-29 21:54:07 2088 [Note] Server socket created on IP: '::'.
2021-06-29 21:54:07 2088 [Note] Event Scheduler: Loaded 0 events
2021-06-29 21:54:07 2088 [Note] Execution of init_file 'C:\Users\Usuario\Downloads\mysql-init.txt' started.
2021-06-29 21:54:07 2088 [Note] Execution of init_file 'C:\Users\Usuario\Downloads\mysql-init.txt' ended.
2021-06-29 21:54:07 2088 [Note] mysqld_usbwv8: ready for connections.
Version: '5.6.51'  socket: ''  port: 3306  MySQL Community Server (GPL)
2021-06-29 21:55:24 3904 [Note] Plugin 'FEDERATED' is disabled.
2021-06-29 21:55:24 3904 [Note] InnoDB: Using atomics to ref count buffer pool pages
2021-06-29 21:55:24 3904 [Note] InnoDB: The InnoDB memory heap is disabled
2021-06-29 21:55:24 3904 [Note] InnoDB: Mutexes and rw_locks use Windows interlocked functions
2021-06-29 21:55:24 3904 [Note] InnoDB: Memory barrier is not used
2021-06-29 21:55:24 3904 [Note] InnoDB: Compressed tables use zlib 1.2.11
2021-06-29 21:55:24 3904 [Note] InnoDB: Not using CPU crc32 instructions
2021-06-29 21:55:24 3904 [Note] InnoDB: Initializing buffer pool, size = 128.0M
2021-06-29 21:55:24 3904 [Note] InnoDB: Completed initialization of buffer pool
2021-06-29 21:55:24 3904 [Note] InnoDB: Highest supported file format is Barracuda.
2021-06-29 21:55:24 3904 [Note] InnoDB: The log sequence numbers 1625977 and 1625977 in ibdata files do not match the log sequence number 1625987 in the ib_logfiles!
2021-06-29 21:55:24 3904 [Note] InnoDB: Database was not shutdown normally!
2021-06-29 21:55:24 3904 [Note] InnoDB: Starting crash recovery.
2021-06-29 21:55:24 3904 [Note] InnoDB: Reading tablespace information from the .ibd files...
2021-06-29 21:55:24 3904 [Note] InnoDB: Restoring possible half-written data pages 
2021-06-29 21:55:24 3904 [Note] InnoDB: from the doublewrite buffer...
2021-06-29 21:55:24 3904 [Note] InnoDB: 128 rollback segment(s) are active.
2021-06-29 21:55:24 3904 [Note] InnoDB: Waiting for purge to start
2021-06-29 21:55:24 3904 [Note] InnoDB: 5.6.51 started; log sequence number 1625987
2021-06-29 21:55:24 3904 [Note] RSA private key file not found: C:\Users\Usuario\Arquivos\USBWebserver v8.6.6\mysql\data\\private_key.pem. Some authentication plugins will not work.
2021-06-29 21:55:24 3904 [Note] RSA public key file not found: C:\Users\Usuario\Arquivos\USBWebserver v8.6.6\mysql\data\\public_key.pem. Some authentication plugins will not work.
2021-06-29 21:55:24 3904 [Note] Server hostname (bind-address): '*'; port: 3306
2021-06-29 21:55:24 3904 [Note] IPv6 is available.
2021-06-29 21:55:24 3904 [Note]   - '::' resolves to '::';
2021-06-29 21:55:24 3904 [Note] Server socket created on IP: '::'.
2021-06-29 21:55:24 3904 [Note] Event Scheduler: Loaded 0 events
2021-06-29 21:55:24 3904 [Note] C:\Users\Usuario\Arquivos\USBWebserver v8.6.6/mysql/bin/mysqld_usbwv8.exe: ready for connections.
Version: '5.6.51'  socket: ''  port: 3306  MySQL Community Server (GPL)
2021-06-29 21:59:02 2556 [Note] Plugin 'FEDERATED' is disabled.
2021-06-29 21:59:02 2556 [Note] InnoDB: Using atomics to ref count buffer pool pages
2021-06-29 21:59:02 2556 [Note] InnoDB: The InnoDB memory heap is disabled
2021-06-29 21:59:02 2556 [Note] InnoDB: Mutexes and rw_locks use Windows interlocked functions
2021-06-29 21:59:02 2556 [Note] InnoDB: Memory barrier is not used
2021-06-29 21:59:02 2556 [Note] InnoDB: Compressed tables use zlib 1.2.11
2021-06-29 21:59:02 2556 [Note] InnoDB: Not using CPU crc32 instructions
2021-06-29 21:59:02 2556 [Note] InnoDB: Initializing buffer pool, size = 128.0M
2021-06-29 21:59:02 2556 [Note] InnoDB: Completed initialization of buffer pool
2021-06-29 21:59:02 2556 [Note] InnoDB: Highest supported file format is Barracuda.
2021-06-29 21:59:02 2556 [Note] InnoDB: The log sequence numbers 1625977 and 1625977 in ibdata files do not match the log sequence number 1625997 in the ib_logfiles!
2021-06-29 21:59:02 2556 [Note] InnoDB: Database was not shutdown normally!
2021-06-29 21:59:02 2556 [Note] InnoDB: Starting crash recovery.
2021-06-29 21:59:02 2556 [Note] InnoDB: Reading tablespace information from the .ibd files...
2021-06-29 21:59:02 2556 [Note] InnoDB: Restoring possible half-written data pages 
2021-06-29 21:59:02 2556 [Note] InnoDB: from the doublewrite buffer...
2021-06-29 21:59:02 2556 [Note] InnoDB: 128 rollback segment(s) are active.
2021-06-29 21:59:02 2556 [Note] InnoDB: Waiting for purge to start
2021-06-29 21:59:02 2556 [Note] InnoDB: 5.6.51 started; log sequence number 1625997
2021-06-29 21:59:02 2556 [Note] RSA private key file not found: C:\Users\Usuario\Arquivos\USBWebserver v8.6.6\mysql\data\\private_key.pem. Some authentication plugins will not work.
2021-06-29 21:59:02 2556 [Note] RSA public key file not found: C:\Users\Usuario\Arquivos\USBWebserver v8.6.6\mysql\data\\public_key.pem. Some authentication plugins will not work.
2021-06-29 21:59:02 2556 [Note] Server hostname (bind-address): '*'; port: 3306
2021-06-29 21:59:02 2556 [Note] IPv6 is available.
2021-06-29 21:59:02 2556 [Note]   - '::' resolves to '::';
2021-06-29 21:59:02 2556 [Note] Server socket created on IP: '::'.
2021-06-29 21:59:02 2556 [Note] Event Scheduler: Loaded 0 events
2021-06-29 21:59:02 2556 [Note] C:\Users\Usuario\Arquivos\USBWebserver v8.6.6/mysql/bin/mysqld_usbwv8.exe: ready for connections.
Version: '5.6.51'  socket: ''  port: 3306  MySQL Community Server (GPL)
2021-06-29 22:01:24 3248 [Note] Plugin 'FEDERATED' is disabled.
2021-06-29 22:01:24 3248 [Note] InnoDB: Using atomics to ref count buffer pool pages
2021-06-29 22:01:24 3248 [Note] InnoDB: The InnoDB memory heap is disabled
2021-06-29 22:01:24 3248 [Note] InnoDB: Mutexes and rw_locks use Windows interlocked functions
2021-06-29 22:01:24 3248 [Note] InnoDB: Memory barrier is not used
2021-06-29 22:01:24 3248 [Note] InnoDB: Compressed tables use zlib 1.2.11
2021-06-29 22:01:24 3248 [Note] InnoDB: Not using CPU crc32 instructions
2021-06-29 22:01:24 3248 [Note] InnoDB: Initializing buffer pool, size = 128.0M
2021-06-29 22:01:24 3248 [Note] InnoDB: Completed initialization of buffer pool
2021-06-29 22:01:24 3248 [Note] InnoDB: Highest supported file format is Barracuda.
2021-06-29 22:01:24 3248 [Note] InnoDB: The log sequence numbers 1625977 and 1625977 in ibdata files do not match the log sequence number 1626007 in the ib_logfiles!
2021-06-29 22:01:24 3248 [Note] InnoDB: Database was not shutdown normally!
2021-06-29 22:01:24 3248 [Note] InnoDB: Starting crash recovery.
2021-06-29 22:01:24 3248 [Note] InnoDB: Reading tablespace information from the .ibd files...
2021-06-29 22:01:24 3248 [Note] InnoDB: Restoring possible half-written data pages 
2021-06-29 22:01:24 3248 [Note] InnoDB: from the doublewrite buffer...
2021-06-29 22:01:25 3248 [Note] InnoDB: 128 rollback segment(s) are active.
2021-06-29 22:01:25 3248 [Note] InnoDB: Waiting for purge to start
2021-06-29 22:01:25 3248 [Note] InnoDB: 5.6.51 started; log sequence number 1626007
2021-06-29 22:01:25 3248 [Note] RSA private key file not found: C:\Users\Usuario\Arquivos\USBWebserver v8.6.6\mysql\data\\private_key.pem. Some authentication plugins will not work.
2021-06-29 22:01:25 3248 [Note] RSA public key file not found: C:\Users\Usuario\Arquivos\USBWebserver v8.6.6\mysql\data\\public_key.pem. Some authentication plugins will not work.
2021-06-29 22:01:25 3248 [Note] Server hostname (bind-address): '*'; port: 3306
2021-06-29 22:01:25 3248 [Note] IPv6 is available.
2021-06-29 22:01:25 3248 [Note]   - '::' resolves to '::';
2021-06-29 22:01:25 3248 [Note] Server socket created on IP: '::'.
2021-06-29 22:01:25 3248 [Note] Event Scheduler: Loaded 0 events
2021-06-29 22:01:25 3248 [Note] C:\Users\Usuario\Arquivos\USBWebserver v8.6.6/mysql/bin/mysqld_usbwv8.exe: ready for connections.
Version: '5.6.51'  socket: ''  port: 3306  MySQL Community Server (GPL)
2021-06-29 22:02:03 3328 [Note] Plugin 'FEDERATED' is disabled.
2021-06-29 22:02:03 3328 [Note] InnoDB: Using atomics to ref count buffer pool pages
2021-06-29 22:02:03 3328 [Note] InnoDB: The InnoDB memory heap is disabled
2021-06-29 22:02:03 3328 [Note] InnoDB: Mutexes and rw_locks use Windows interlocked functions
2021-06-29 22:02:03 3328 [Note] InnoDB: Memory barrier is not used
2021-06-29 22:02:03 3328 [Note] InnoDB: Compressed tables use zlib 1.2.11
2021-06-29 22:02:03 3328 [Note] InnoDB: Not using CPU crc32 instructions
2021-06-29 22:02:03 3328 [Note] InnoDB: Initializing buffer pool, size = 128.0M
2021-06-29 22:02:03 3328 [Note] InnoDB: Completed initialization of buffer pool
2021-06-29 22:02:03 3328 [Note] InnoDB: Highest supported file format is Barracuda.
2021-06-29 22:02:03 3328 [Note] InnoDB: The log sequence numbers 1625977 and 1625977 in ibdata files do not match the log sequence number 1626017 in the ib_logfiles!
2021-06-29 22:02:03 3328 [Note] InnoDB: Database was not shutdown normally!
2021-06-29 22:02:03 3328 [Note] InnoDB: Starting crash recovery.
2021-06-29 22:02:03 3328 [Note] InnoDB: Reading tablespace information from the .ibd files...
2021-06-29 22:02:03 3328 [Note] InnoDB: Restoring possible half-written data pages 
2021-06-29 22:02:03 3328 [Note] InnoDB: from the doublewrite buffer...
2021-06-29 22:02:04 3328 [Note] InnoDB: 128 rollback segment(s) are active.
2021-06-29 22:02:04 3328 [Note] InnoDB: Waiting for purge to start
2021-06-29 22:02:04 3328 [Note] InnoDB: 5.6.51 started; log sequence number 1626017
2021-06-29 22:02:04 3328 [Note] RSA private key file not found: C:\Users\Usuario\Arquivos\USBWebserver v8.6.6\mysql\data\\private_key.pem. Some authentication plugins will not work.
2021-06-29 22:02:04 3328 [Note] RSA public key file not found: C:\Users\Usuario\Arquivos\USBWebserver v8.6.6\mysql\data\\public_key.pem. Some authentication plugins will not work.
2021-06-29 22:02:04 3328 [Note] Server hostname (bind-address): '*'; port: 3306
2021-06-29 22:02:04 3328 [Note] IPv6 is available.
2021-06-29 22:02:04 3328 [Note]   - '::' resolves to '::';
2021-06-29 22:02:04 3328 [Note] Server socket created on IP: '::'.
2021-06-29 22:02:04 3328 [Note] Event Scheduler: Loaded 0 events
2021-06-29 22:02:04 3328 [Note] C:\Users\Usuario\Arquivos\USBWebserver v8.6.6/mysql/bin/mysqld_usbwv8.exe: ready for connections.
Version: '5.6.51'  socket: ''  port: 3306  MySQL Community Server (GPL)
