2022-10-05 19:14:19 7292 [Note] Plugin 'FEDERATED' is disabled.
2022-10-05 19:14:19 7292 [Note] InnoDB: Using atomics to ref count buffer pool pages
2022-10-05 19:14:19 7292 [Note] InnoDB: The InnoDB memory heap is disabled
2022-10-05 19:14:19 7292 [Note] InnoDB: Mutexes and rw_locks use Windows interlocked functions
2022-10-05 19:14:19 7292 [Note] InnoDB: Memory barrier is not used
2022-10-05 19:14:19 7292 [Note] InnoDB: Compressed tables use zlib 1.2.11
2022-10-05 19:14:19 7292 [Note] InnoDB: Not using CPU crc32 instructions
2022-10-05 19:14:19 7292 [Note] InnoDB: Initializing buffer pool, size = 128.0M
2022-10-05 19:14:19 7292 [Note] InnoDB: Completed initialization of buffer pool
2022-10-05 19:14:19 7292 [Note] InnoDB: Highest supported file format is Barracuda.
2022-10-05 19:14:20 7292 [Note] InnoDB: The log sequence numbers 1625977 and 1625977 in ibdata files do not match the log sequence number 1626027 in the ib_logfiles!
2022-10-05 19:14:20 7292 [Note] InnoDB: Database was not shutdown normally!
2022-10-05 19:14:20 7292 [Note] InnoDB: Starting crash recovery.
2022-10-05 19:14:20 7292 [Note] InnoDB: Reading tablespace information from the .ibd files...
2022-10-05 19:14:20 7292 [Note] InnoDB: Restoring possible half-written data pages 
2022-10-05 19:14:20 7292 [Note] InnoDB: from the doublewrite buffer...
2022-10-05 19:14:24 7292 [Note] InnoDB: 128 rollback segment(s) are active.
2022-10-05 19:14:24 7292 [Note] InnoDB: Waiting for purge to start
2022-10-05 19:14:24 7292 [Note] InnoDB: 5.6.51 started; log sequence number 1626027
2022-10-05 19:14:24 7292 [Note] RSA private key file not found: C:\Users\20211TPMI0140\Documents\GitHub\Transport\USBWebserver v8.6.6\mysql\data\\private_key.pem. Some authentication plugins will not work.
2022-10-05 19:14:24 7292 [Note] RSA public key file not found: C:\Users\20211TPMI0140\Documents\GitHub\Transport\USBWebserver v8.6.6\mysql\data\\public_key.pem. Some authentication plugins will not work.
2022-10-05 19:14:24 7292 [Note] Server hostname (bind-address): '*'; port: 3306
2022-10-05 19:14:24 7292 [Note] IPv6 is available.
2022-10-05 19:14:24 7292 [Note]   - '::' resolves to '::';
2022-10-05 19:14:24 7292 [Note] Server socket created on IP: '::'.
2022-10-05 19:14:24 7292 [ERROR] Can't start server: Bind on TCP/IP port: No such file or directory
2022-10-05 19:14:24 7292 [ERROR] Do you already have another mysqld server running on port: 3306 ?
2022-10-05 19:14:24 7292 [ERROR] Aborting

2022-10-05 19:14:24 7292 [Note] Binlog end
2022-10-05 19:14:24 7292 [Note] Shutting down plugin 'partition'
2022-10-05 19:14:24 7292 [Note] Shutting down plugin 'PERFORMANCE_SCHEMA'
2022-10-05 19:14:24 7292 [Note] Shutting down plugin 'INNODB_SYS_DATAFILES'
2022-10-05 19:14:24 7292 [Note] Shutting down plugin 'INNODB_SYS_TABLESPACES'
2022-10-05 19:14:24 7292 [Note] Shutting down plugin 'INNODB_SYS_FOREIGN_COLS'
2022-10-05 19:14:24 7292 [Note] Shutting down plugin 'INNODB_SYS_FOREIGN'
2022-10-05 19:14:24 7292 [Note] Shutting down plugin 'INNODB_SYS_FIELDS'
2022-10-05 19:14:24 7292 [Note] Shutting down plugin 'INNODB_SYS_COLUMNS'
2022-10-05 19:14:24 7292 [Note] Shutting down plugin 'INNODB_SYS_INDEXES'
2022-10-05 19:14:24 7292 [Note] Shutting down plugin 'INNODB_SYS_TABLESTATS'
2022-10-05 19:14:24 7292 [Note] Shutting down plugin 'INNODB_SYS_TABLES'
2022-10-05 19:14:24 7292 [Note] Shutting down plugin 'INNODB_FT_INDEX_TABLE'
2022-10-05 19:14:24 7292 [Note] Shutting down plugin 'INNODB_FT_INDEX_CACHE'
2022-10-05 19:14:24 7292 [Note] Shutting down plugin 'INNODB_FT_CONFIG'
2022-10-05 19:14:24 7292 [Note] Shutting down plugin 'INNODB_FT_BEING_DELETED'
2022-10-05 19:14:24 7292 [Note] Shutting down plugin 'INNODB_FT_DELETED'
2022-10-05 19:14:24 7292 [Note] Shutting down plugin 'INNODB_FT_DEFAULT_STOPWORD'
2022-10-05 19:14:24 7292 [Note] Shutting down plugin 'INNODB_METRICS'
2022-10-05 19:14:24 7292 [Note] Shutting down plugin 'INNODB_BUFFER_POOL_STATS'
2022-10-05 19:14:24 7292 [Note] Shutting down plugin 'INNODB_BUFFER_PAGE_LRU'
2022-10-05 19:14:24 7292 [Note] Shutting down plugin 'INNODB_BUFFER_PAGE'
2022-10-05 19:14:24 7292 [Note] Shutting down plugin 'INNODB_CMP_PER_INDEX_RESET'
2022-10-05 19:14:24 7292 [Note] Shutting down plugin 'INNODB_CMP_PER_INDEX'
2022-10-05 19:14:24 7292 [Note] Shutting down plugin 'INNODB_CMPMEM_RESET'
2022-10-05 19:14:24 7292 [Note] Shutting down plugin 'INNODB_CMPMEM'
2022-10-05 19:14:24 7292 [Note] Shutting down plugin 'INNODB_CMP_RESET'
2022-10-05 19:14:24 7292 [Note] Shutting down plugin 'INNODB_CMP'
2022-10-05 19:14:24 7292 [Note] Shutting down plugin 'INNODB_LOCK_WAITS'
2022-10-05 19:14:24 7292 [Note] Shutting down plugin 'INNODB_LOCKS'
2022-10-05 19:14:24 7292 [Note] Shutting down plugin 'INNODB_TRX'
2022-10-05 19:14:24 7292 [Note] Shutting down plugin 'InnoDB'
2022-10-05 19:14:24 7292 [Note] InnoDB: FTS optimize thread exiting.
2022-10-05 19:14:24 7292 [Note] InnoDB: Starting shutdown...
2022-10-05 19:14:26 7292 [Note] InnoDB: Shutdown completed; log sequence number 1626037
2022-10-05 19:14:26 7292 [Note] Shutting down plugin 'BLACKHOLE'
2022-10-05 19:14:26 7292 [Note] Shutting down plugin 'ARCHIVE'
2022-10-05 19:14:26 7292 [Note] Shutting down plugin 'MRG_MYISAM'
2022-10-05 19:14:26 7292 [Note] Shutting down plugin 'MyISAM'
2022-10-05 19:14:26 7292 [Note] Shutting down plugin 'MEMORY'
2022-10-05 19:14:26 7292 [Note] Shutting down plugin 'CSV'
2022-10-05 19:14:26 7292 [Note] Shutting down plugin 'sha256_password'
2022-10-05 19:14:26 7292 [Note] Shutting down plugin 'mysql_old_password'
2022-10-05 19:14:26 7292 [Note] Shutting down plugin 'mysql_native_password'
2022-10-05 19:14:26 7292 [Note] Shutting down plugin 'binlog'
2022-10-05 19:14:26 7292 [Note] C:\Users\20211TPMI0140\Documents\GitHub\Transport\USBWebserver v8.6.6/mysql/bin/mysqld_usbwv8.exe: Shutdown complete

